2018-08-04 18:42:05,379 ERROR: Exception on /reset_password_request [POST] [in /home/tim/PycharmProjects/flask/microblog/venv/lib/python3.5/site-packages/flask/app.py:1761]
Traceback (most recent call last):
  File "/home/tim/PycharmProjects/flask/microblog/venv/lib/python3.5/site-packages/flask/app.py", line 2292, in wsgi_app
    response = self.full_dispatch_request()
  File "/home/tim/PycharmProjects/flask/microblog/venv/lib/python3.5/site-packages/flask/app.py", line 1815, in full_dispatch_request
    rv = self.handle_user_exception(e)
  File "/home/tim/PycharmProjects/flask/microblog/venv/lib/python3.5/site-packages/flask/app.py", line 1718, in handle_user_exception
    reraise(exc_type, exc_value, tb)
  File "/home/tim/PycharmProjects/flask/microblog/venv/lib/python3.5/site-packages/flask/_compat.py", line 35, in reraise
    raise value
  File "/home/tim/PycharmProjects/flask/microblog/venv/lib/python3.5/site-packages/flask/app.py", line 1813, in full_dispatch_request
    rv = self.dispatch_request()
  File "/home/tim/PycharmProjects/flask/microblog/venv/lib/python3.5/site-packages/flask/app.py", line 1799, in dispatch_request
    return self.view_functions[rule.endpoint](**req.view_args)
  File "/home/tim/PycharmProjects/flask/microblog/app/routes.py", line 109, in reset_password_request
    send_password_reset_email(user)
  File "/home/tim/PycharmProjects/flask/microblog/app/email.py", line 14, in send_password_reset_email
    token = user.get_reset_password_token()
  File "/home/tim/PycharmProjects/flask/microblog/app/models.py", line 68, in get_reset_password_token
    {'reset_password': self.id, 'exp': time + expires_in},
TypeError: unsupported operand type(s) for +: 'builtin_function_or_method' and 'int'
2018-08-04 18:47:57,006 INFO: Microblog startup [in /home/tim/PycharmProjects/flask/microblog/app/__init__.py:54]
